<?xml version="1.0" encoding="UTF-8"?>
<!-- Generated by org.testng.reporters.JUnitReportReporter -->
<testsuite hostname="DESKTOP-U3JSRN1" failures="0" tests="7" name="com.admin.qa.tests.SuccessStatusTestforIPManagement" time="5.693" errors="1" timestamp="2022-06-02T23:25:18 BDT" skipped="6">
  <testcase classname="com.admin.qa.tests.SuccessStatusTestforIPManagement" name="setUp" time="5.693">
    <error message="session not created: This version of ChromeDriver only supports Chrome version 100
Current browser version is 102.0.5005.63 with binary path C:\Program Files\Google\Chrome\Application\chrome.exe
Build info: version: &#039;3.14.0&#039;, revision: &#039;aacccce0&#039;, time: &#039;2018-08-02T20:19:58.91Z&#039;
System info: host: &#039;DESKTOP-U3JSRN1&#039;, ip: &#039;172.30.16.1&#039;, os.name: &#039;Windows 10&#039;, os.arch: &#039;amd64&#039;, os.version: &#039;10.0&#039;, java.version: &#039;16.0.1&#039;
Driver info: driver.version: ChromeDriver
remote stacktrace: Backtrace:
	Ordinal0 [0x00777413+2389011]
	Ordinal0 [0x00709F61+1941345]
	Ordinal0 [0x005FC658+837208]
	Ordinal0 [0x0061C773+968563]
	Ordinal0 [0x0061837A+951162]
	Ordinal0 [0x00615C51+941137]
	Ordinal0 [0x00648C80+1150080]
	Ordinal0 [0x006488DA+1149146]
	Ordinal0 [0x00643F66+1130342]
	Ordinal0 [0x0061E546+976198]
	Ordinal0 [0x0061F456+980054]
	GetHandleVerifier [0x00929632+1727522]
	GetHandleVerifier [0x009DBA4D+2457661]
	GetHandleVerifier [0x0080EB81+569713]
	GetHandleVerifier [0x0080DD76+566118]
	Ordinal0 [0x00710B2B+1968939]
	Ordinal0 [0x00715988+1989000]
	Ordinal0 [0x00715A75+1989237]
	Ordinal0 [0x0071ECB1+2026673]
	BaseThreadInitThunk [0x759BFA29+25]
	RtlGetAppContainerNamedObjectPath [0x77A47A7E+286]
	RtlGetAppContainerNamedObjectPath [0x77A47A4E+238]
" type="org.openqa.selenium.SessionNotCreatedException">
      <![CDATA[org.openqa.selenium.SessionNotCreatedException: session not created: This version of ChromeDriver only supports Chrome version 100
Current browser version is 102.0.5005.63 with binary path C:\Program Files\Google\Chrome\Application\chrome.exe
Build info: version: '3.14.0', revision: 'aacccce0', time: '2018-08-02T20:19:58.91Z'
System info: host: 'DESKTOP-U3JSRN1', ip: '172.30.16.1', os.name: 'Windows 10', os.arch: 'amd64', os.version: '10.0', java.version: '16.0.1'
Driver info: driver.version: ChromeDriver
remote stacktrace: Backtrace:
Ordinal0 [0x00777413+2389011]
Ordinal0 [0x00709F61+1941345]
Ordinal0 [0x005FC658+837208]
Ordinal0 [0x0061C773+968563]
Ordinal0 [0x0061837A+951162]
Ordinal0 [0x00615C51+941137]
Ordinal0 [0x00648C80+1150080]
Ordinal0 [0x006488DA+1149146]
Ordinal0 [0x00643F66+1130342]
Ordinal0 [0x0061E546+976198]
Ordinal0 [0x0061F456+980054]
GetHandleVerifier [0x00929632+1727522]
GetHandleVerifier [0x009DBA4D+2457661]
GetHandleVerifier [0x0080EB81+569713]
GetHandleVerifier [0x0080DD76+566118]
Ordinal0 [0x00710B2B+1968939]
Ordinal0 [0x00715988+1989000]
Ordinal0 [0x00715A75+1989237]
Ordinal0 [0x0071ECB1+2026673]
BaseThreadInitThunk [0x759BFA29+25]
RtlGetAppContainerNamedObjectPath [0x77A47A7E+286]
RtlGetAppContainerNamedObjectPath [0x77A47A4E+238]

at java.base/jdk.internal.reflect.NativeConstructorAccessorImpl.newInstance0(Native Method)
at java.base/jdk.internal.reflect.NativeConstructorAccessorImpl.newInstance(NativeConstructorAccessorImpl.java:78)
at java.base/jdk.internal.reflect.DelegatingConstructorAccessorImpl.newInstance(DelegatingConstructorAccessorImpl.java:45)
at java.base/java.lang.reflect.Constructor.newInstanceWithCaller(Constructor.java:499)
at java.base/java.lang.reflect.Constructor.newInstance(Constructor.java:480)
at org.openqa.selenium.remote.W3CHandshakeResponse.lambda$new$0(W3CHandshakeResponse.java:57)
at org.openqa.selenium.remote.W3CHandshakeResponse.lambda$getResponseFunction$2(W3CHandshakeResponse.java:104)
at org.openqa.selenium.remote.ProtocolHandshake.lambda$createSession$0(ProtocolHandshake.java:122)
at java.base/java.util.stream.ReferencePipeline$3$1.accept(ReferencePipeline.java:197)
at java.base/java.util.Spliterators$ArraySpliterator.tryAdvance(Spliterators.java:958)
at java.base/java.util.stream.ReferencePipeline.forEachWithCancel(ReferencePipeline.java:129)
at java.base/java.util.stream.AbstractPipeline.copyIntoWithCancel(AbstractPipeline.java:502)
at java.base/java.util.stream.AbstractPipeline.copyInto(AbstractPipeline.java:488)
at java.base/java.util.stream.AbstractPipeline.wrapAndCopyInto(AbstractPipeline.java:474)
at java.base/java.util.stream.FindOps$FindOp.evaluateSequential(FindOps.java:150)
at java.base/java.util.stream.AbstractPipeline.evaluate(AbstractPipeline.java:234)
at java.base/java.util.stream.ReferencePipeline.findFirst(ReferencePipeline.java:647)
at org.openqa.selenium.remote.ProtocolHandshake.createSession(ProtocolHandshake.java:125)
at org.openqa.selenium.remote.ProtocolHandshake.createSession(ProtocolHandshake.java:73)
at org.openqa.selenium.remote.HttpCommandExecutor.execute(HttpCommandExecutor.java:136)
at org.openqa.selenium.remote.service.DriverCommandExecutor.execute(DriverCommandExecutor.java:83)
at org.openqa.selenium.remote.RemoteWebDriver.execute(RemoteWebDriver.java:548)
at org.openqa.selenium.remote.RemoteWebDriver.startSession(RemoteWebDriver.java:212)
at org.openqa.selenium.remote.RemoteWebDriver.<init>(RemoteWebDriver.java:130)
at org.openqa.selenium.chrome.ChromeDriver.<init>(ChromeDriver.java:181)
at org.openqa.selenium.chrome.ChromeDriver.<init>(ChromeDriver.java:168)
at org.openqa.selenium.chrome.ChromeDriver.<init>(ChromeDriver.java:123)
at com.crm.qa.base.TestBase.initialization(TestBase.java:55)
at com.admin.qa.tests.SuccessStatusTestforIPManagement.setUp(SuccessStatusTestforIPManagement.java:45)
at java.base/jdk.internal.reflect.NativeMethodAccessorImpl.invoke0(Native Method)
at java.base/jdk.internal.reflect.NativeMethodAccessorImpl.invoke(NativeMethodAccessorImpl.java:78)
at java.base/jdk.internal.reflect.DelegatingMethodAccessorImpl.invoke(DelegatingMethodAccessorImpl.java:43)
at java.base/java.lang.reflect.Method.invoke(Method.java:567)
at org.testng.internal.MethodInvocationHelper.invokeMethod(MethodInvocationHelper.java:133)
at org.testng.internal.MethodInvocationHelper.invokeMethodConsideringTimeout(MethodInvocationHelper.java:62)
at org.testng.internal.ConfigInvoker.invokeConfigurationMethod(ConfigInvoker.java:385)
at org.testng.internal.ConfigInvoker.invokeConfigurations(ConfigInvoker.java:321)
at org.testng.internal.TestInvoker.runConfigMethods(TestInvoker.java:700)
at org.testng.internal.TestInvoker.invokeMethod(TestInvoker.java:527)
at org.testng.internal.TestInvoker.invokeTestMethod(TestInvoker.java:173)
at org.testng.internal.MethodRunner.runInSequence(MethodRunner.java:46)
at org.testng.internal.TestInvoker$MethodInvocationAgent.invoke(TestInvoker.java:824)
at org.testng.internal.TestInvoker.invokeTestMethods(TestInvoker.java:146)
at org.testng.internal.TestMethodWorker.invokeTestMethods(TestMethodWorker.java:146)
at org.testng.internal.TestMethodWorker.run(TestMethodWorker.java:128)
at java.base/java.util.ArrayList.forEach(ArrayList.java:1511)
at org.testng.TestRunner.privateRun(TestRunner.java:794)
at org.testng.TestRunner.run(TestRunner.java:596)
at org.testng.SuiteRunner.runTest(SuiteRunner.java:377)
at org.testng.SuiteRunner.runSequentially(SuiteRunner.java:371)
at org.testng.SuiteRunner.privateRun(SuiteRunner.java:332)
at org.testng.SuiteRunner.run(SuiteRunner.java:276)
at org.testng.SuiteRunnerWorker.runSuite(SuiteRunnerWorker.java:53)
at org.testng.SuiteRunnerWorker.run(SuiteRunnerWorker.java:96)
at org.testng.TestNG.runSuitesSequentially(TestNG.java:1212)
at org.testng.TestNG.runSuitesLocally(TestNG.java:1134)
at org.testng.TestNG.runSuites(TestNG.java:1063)
at org.testng.TestNG.run(TestNG.java:1031)
at org.testng.remote.AbstractRemoteTestNG.run(AbstractRemoteTestNG.java:115)
at org.testng.remote.RemoteTestNG.initAndRun(RemoteTestNG.java:251)
at org.testng.remote.RemoteTestNG.main(RemoteTestNG.java:77)
]]>
    </error>
  </testcase> <!-- setUp -->
  <system-out/>
  <testcase classname="com.admin.qa.tests.SuccessStatusTestforIPManagement" name="IPListTest" time="0.000">
    <skipped/>
  </testcase> <!-- IPListTest -->
  <system-out/>
  <testcase classname="com.admin.qa.tests.SuccessStatusTestforIPManagement" name="IPBundleTest" time="0.000">
    <skipped/>
  </testcase> <!-- IPBundleTest -->
  <system-out/>
  <testcase classname="com.admin.qa.tests.SuccessStatusTestforIPManagement" name="AssigntoBatchPageTest" time="0.000">
    <skipped/>
  </testcase> <!-- AssigntoBatchPageTest -->
  <system-out/>
  <testcase classname="com.admin.qa.tests.SuccessStatusTestforIPManagement" name="NewBlockRecordTest" time="0.000">
    <skipped/>
  </testcase> <!-- NewBlockRecordTest -->
  <system-out/>
  <testcase classname="com.admin.qa.tests.SuccessStatusTestforIPManagement" name="IPBlockHistoryTest" time="0.000">
    <skipped/>
  </testcase> <!-- IPBlockHistoryTest -->
  <system-out/>
  <testcase classname="com.admin.qa.tests.SuccessStatusTestforIPManagement" name="ServerLockSchedulesTest" time="0.000">
    <skipped/>
  </testcase> <!-- ServerLockSchedulesTest -->
  <system-out/>
</testsuite> <!-- com.admin.qa.tests.SuccessStatusTestforIPManagement -->
