<?xml version="1.0" encoding="UTF-8"?>
<!-- Generated by org.testng.reporters.JUnitReportReporter -->
<testsuite hostname="DESKTOP-U3JSRN1" failures="0" tests="15" name="com.crm.qa.tests.SuccessStatusReportsOfflinePINSection" time="14.600" errors="1" timestamp="2023-07-09T16:08:25 BDT" skipped="14">
  <testcase classname="com.crm.qa.tests.SuccessStatusReportsOfflinePINSection" name="setUp" time="14.600">
    <error message="unknown error: net::ERR_CONNECTION_REFUSED
  (Session info: MicrosoftEdge=114.0.1823.67)
Build info: version: &#039;3.141.59&#039;, revision: &#039;e82be7d358&#039;, time: &#039;2018-11-14T08:17:03&#039;
System info: host: &#039;DESKTOP-U3JSRN1&#039;, ip: &#039;192.168.56.1&#039;, os.name: &#039;Windows 10&#039;, os.arch: &#039;amd64&#039;, os.version: &#039;10.0&#039;, java.version: &#039;16.0.1&#039;
Driver info: org.openqa.selenium.edge.EdgeDriver
Capabilities {acceptInsecureCerts: false, browserName: msedge, browserVersion: 114.0.1823.67, javascriptEnabled: true, ms:edgeOptions: {debuggerAddress: localhost:1360}, msedge: {msedgedriverVersion: 114.0.1823.67 (3f1d7fbb324e..., userDataDir: C:\Windows\SystemTemp\scope...}, networkConnectionEnabled: false, pageLoadStrategy: normal, platform: WINDOWS, platformName: WINDOWS, proxy: Proxy(), setWindowRect: true, strictFileInteractability: false, timeouts: {implicit: 0, pageLoad: 300000, script: 30000}, unhandledPromptBehavior: dismiss and notify, webauthn:extension:credBlob: true, webauthn:extension:largeBlob: true, webauthn:extension:minPinLength: true, webauthn:extension:prf: true, webauthn:virtualAuthenticators: true}
Session ID: d9f9a7a38f81608ea0930208c6fb2506" type="org.openqa.selenium.WebDriverException">
      <![CDATA[org.openqa.selenium.WebDriverException: unknown error: net::ERR_CONNECTION_REFUSED
  (Session info: MicrosoftEdge=114.0.1823.67)
Build info: version: '3.141.59', revision: 'e82be7d358', time: '2018-11-14T08:17:03'
System info: host: 'DESKTOP-U3JSRN1', ip: '192.168.56.1', os.name: 'Windows 10', os.arch: 'amd64', os.version: '10.0', java.version: '16.0.1'
Driver info: org.openqa.selenium.edge.EdgeDriver
Capabilities {acceptInsecureCerts: false, browserName: msedge, browserVersion: 114.0.1823.67, javascriptEnabled: true, ms:edgeOptions: {debuggerAddress: localhost:1360}, msedge: {msedgedriverVersion: 114.0.1823.67 (3f1d7fbb324e..., userDataDir: C:\Windows\SystemTemp\scope...}, networkConnectionEnabled: false, pageLoadStrategy: normal, platform: WINDOWS, platformName: WINDOWS, proxy: Proxy(), setWindowRect: true, strictFileInteractability: false, timeouts: {implicit: 0, pageLoad: 300000, script: 30000}, unhandledPromptBehavior: dismiss and notify, webauthn:extension:credBlob: true, webauthn:extension:largeBlob: true, webauthn:extension:minPinLength: true, webauthn:extension:prf: true, webauthn:virtualAuthenticators: true}
Session ID: d9f9a7a38f81608ea0930208c6fb2506
at java.base/jdk.internal.reflect.NativeConstructorAccessorImpl.newInstance0(Native Method)
at java.base/jdk.internal.reflect.NativeConstructorAccessorImpl.newInstance(NativeConstructorAccessorImpl.java:78)
at java.base/jdk.internal.reflect.DelegatingConstructorAccessorImpl.newInstance(DelegatingConstructorAccessorImpl.java:45)
at java.base/java.lang.reflect.Constructor.newInstanceWithCaller(Constructor.java:499)
at java.base/java.lang.reflect.Constructor.newInstance(Constructor.java:480)
at org.openqa.selenium.remote.http.W3CHttpResponseCodec.createException(W3CHttpResponseCodec.java:187)
at org.openqa.selenium.remote.http.W3CHttpResponseCodec.decode(W3CHttpResponseCodec.java:122)
at org.openqa.selenium.remote.http.W3CHttpResponseCodec.decode(W3CHttpResponseCodec.java:49)
at org.openqa.selenium.remote.HttpCommandExecutor.execute(HttpCommandExecutor.java:158)
at org.openqa.selenium.remote.service.DriverCommandExecutor.execute(DriverCommandExecutor.java:83)
at org.openqa.selenium.remote.RemoteWebDriver.execute(RemoteWebDriver.java:552)
at org.openqa.selenium.remote.RemoteWebDriver.get(RemoteWebDriver.java:277)
at java.base/jdk.internal.reflect.NativeMethodAccessorImpl.invoke0(Native Method)
at java.base/jdk.internal.reflect.NativeMethodAccessorImpl.invoke(NativeMethodAccessorImpl.java:78)
at java.base/jdk.internal.reflect.DelegatingMethodAccessorImpl.invoke(DelegatingMethodAccessorImpl.java:43)
at java.base/java.lang.reflect.Method.invoke(Method.java:567)
at org.openqa.selenium.support.events.EventFiringWebDriver.lambda$new$1(EventFiringWebDriver.java:105)
at jdk.proxy2/jdk.proxy2.$Proxy10.get(Unknown Source)
at org.openqa.selenium.support.events.EventFiringWebDriver.get(EventFiringWebDriver.java:165)
at com.crm.qa.base.TestBase.initialization(TestBase.java:80)
at com.crm.qa.tests.SuccessStatusReportsOfflinePINSection.setUp(SuccessStatusReportsOfflinePINSection.java:38)
at java.base/jdk.internal.reflect.NativeMethodAccessorImpl.invoke0(Native Method)
at java.base/jdk.internal.reflect.NativeMethodAccessorImpl.invoke(NativeMethodAccessorImpl.java:78)
at java.base/jdk.internal.reflect.DelegatingMethodAccessorImpl.invoke(DelegatingMethodAccessorImpl.java:43)
at java.base/java.lang.reflect.Method.invoke(Method.java:567)
at org.testng.internal.MethodInvocationHelper.invokeMethod(MethodInvocationHelper.java:133)
at org.testng.internal.MethodInvocationHelper.invokeMethodConsideringTimeout(MethodInvocationHelper.java:62)
at org.testng.internal.ConfigInvoker.invokeConfigurationMethod(ConfigInvoker.java:385)
at org.testng.internal.ConfigInvoker.invokeConfigurations(ConfigInvoker.java:321)
at org.testng.internal.TestInvoker.runConfigMethods(TestInvoker.java:700)
at org.testng.internal.TestInvoker.invokeMethod(TestInvoker.java:527)
at org.testng.internal.TestInvoker.invokeTestMethod(TestInvoker.java:173)
at org.testng.internal.MethodRunner.runInSequence(MethodRunner.java:46)
at org.testng.internal.TestInvoker$MethodInvocationAgent.invoke(TestInvoker.java:824)
at org.testng.internal.TestInvoker.invokeTestMethods(TestInvoker.java:146)
at org.testng.internal.TestMethodWorker.invokeTestMethods(TestMethodWorker.java:146)
at org.testng.internal.TestMethodWorker.run(TestMethodWorker.java:128)
at java.base/java.util.ArrayList.forEach(ArrayList.java:1511)
at org.testng.TestRunner.privateRun(TestRunner.java:794)
at org.testng.TestRunner.run(TestRunner.java:596)
at org.testng.SuiteRunner.runTest(SuiteRunner.java:377)
at org.testng.SuiteRunner.runSequentially(SuiteRunner.java:371)
at org.testng.SuiteRunner.privateRun(SuiteRunner.java:332)
at org.testng.SuiteRunner.run(SuiteRunner.java:276)
at org.testng.SuiteRunnerWorker.runSuite(SuiteRunnerWorker.java:53)
at org.testng.SuiteRunnerWorker.run(SuiteRunnerWorker.java:96)
at org.testng.TestNG.runSuitesSequentially(TestNG.java:1212)
at org.testng.TestNG.runSuitesLocally(TestNG.java:1134)
at org.testng.TestNG.runSuites(TestNG.java:1063)
at org.testng.TestNG.run(TestNG.java:1031)
at org.testng.remote.AbstractRemoteTestNG.run(AbstractRemoteTestNG.java:115)
at org.testng.remote.RemoteTestNG.initAndRun(RemoteTestNG.java:251)
at org.testng.remote.RemoteTestNG.main(RemoteTestNG.java:77)
]]>
    </error>
  </testcase> <!-- setUp -->
  <system-out/>
  <testcase classname="com.crm.qa.tests.SuccessStatusReportsOfflinePINSection" name="TestPINSubscriptionPageLink" time="0.000">
    <skipped/>
  </testcase> <!-- TestPINSubscriptionPageLink -->
  <system-out/>
  <testcase classname="com.crm.qa.tests.SuccessStatusReportsOfflinePINSection" name="TestPackageWiseSubscriptionReportLink" time="0.000">
    <skipped/>
  </testcase> <!-- TestPackageWiseSubscriptionReportLink -->
  <system-out/>
  <testcase classname="com.crm.qa.tests.SuccessStatusReportsOfflinePINSection" name="TestResellerDailyBALHistoryReportLink" time="0.000">
    <skipped/>
  </testcase> <!-- TestResellerDailyBALHistoryReportLink -->
  <system-out/>
  <testcase classname="com.crm.qa.tests.SuccessStatusReportsOfflinePINSection" name="TestResellerWiseSoldPINReportLink" time="0.000">
    <skipped/>
  </testcase> <!-- TestResellerWiseSoldPINReportLink -->
  <system-out/>
  <testcase classname="com.crm.qa.tests.SuccessStatusReportsOfflinePINSection" name="TestResellersTotalActiveSubscriptionReportLink" time="0.000">
    <skipped/>
  </testcase> <!-- TestResellersTotalActiveSubscriptionReportLink -->
  <system-out/>
  <testcase classname="com.crm.qa.tests.SuccessStatusReportsOfflinePINSection" name="TestResellerPINLoginReportReportLink" time="0.000">
    <skipped/>
  </testcase> <!-- TestResellerPINLoginReportReportLink -->
  <system-out/>
  <testcase classname="com.crm.qa.tests.SuccessStatusReportsOfflinePINSection" name="TestReseller4DailySalesLink" time="0.000">
    <skipped/>
  </testcase> <!-- TestReseller4DailySalesLink -->
  <system-out/>
  <testcase classname="com.crm.qa.tests.SuccessStatusReportsOfflinePINSection" name="TestHourlySubscriptionsReportLink" time="0.000">
    <skipped/>
  </testcase> <!-- TestHourlySubscriptionsReportLink -->
  <system-out/>
  <testcase classname="com.crm.qa.tests.SuccessStatusReportsOfflinePINSection" name="TestResetPINsReportReportLink" time="0.000">
    <skipped/>
  </testcase> <!-- TestResetPINsReportReportLink -->
  <system-out/>
  <testcase classname="com.crm.qa.tests.SuccessStatusReportsOfflinePINSection" name="TestHourlyActivePinsReportLink" time="0.000">
    <skipped/>
  </testcase> <!-- TestHourlyActivePinsReportLink -->
  <system-out/>
  <testcase classname="com.crm.qa.tests.SuccessStatusReportsOfflinePINSection" name="TestReseller4PINAnalysisReportLink" time="0.000">
    <skipped/>
  </testcase> <!-- TestReseller4PINAnalysisReportLink -->
  <system-out/>
  <testcase classname="com.crm.qa.tests.SuccessStatusReportsOfflinePINSection" name="TestIndividualSoldPINsReportLink" time="0.000">
    <skipped/>
  </testcase> <!-- TestIndividualSoldPINsReportLink -->
  <system-out/>
  <testcase classname="com.crm.qa.tests.SuccessStatusReportsOfflinePINSection" name="TestReturnPINsReportReportLink" time="0.000">
    <skipped/>
  </testcase> <!-- TestReturnPINsReportReportLink -->
  <system-out/>
  <testcase classname="com.crm.qa.tests.SuccessStatusReportsOfflinePINSection" name="TestSymlexPINsalesSummaryByResellerReportLink" time="0.000">
    <skipped/>
  </testcase> <!-- TestSymlexPINsalesSummaryByResellerReportLink -->
  <system-out/>
</testsuite> <!-- com.crm.qa.tests.SuccessStatusReportsOfflinePINSection -->
